c:\users\tyler heers\documents\repos\cudafft\cudafft\x64\debug\vc142.pdb
c:\users\tyler heers\documents\repos\cudafft\cudafft\x64\debug\vc142.idb
c:\users\tyler heers\documents\repos\cudafft\cudafft\x64\debug\debugdll.obj
x64\debug\kernel.cu.obj
c:\users\tyler heers\documents\repos\cudafft\x64\debug\cudafft.lib
c:\users\tyler heers\documents\repos\cudafft\x64\debug\cudafft.exp
c:\users\tyler heers\documents\repos\cudafft\x64\debug\cudafft.dll
c:\users\tyler heers\documents\repos\cudafft\x64\debug\cudafft.ilk
c:\users\tyler heers\documents\repos\cudafft\x64\debug\cudafft.pdb
c:\users\tyler heers\documents\repos\cudafft\cudafft\x64\debug\kernel.cu.cache
c:\users\tyler heers\documents\repos\cudafft\cudafft\x64\debug\kernel.cu.obj
c:\users\tyler heers\documents\repos\cudafft\cudafft\x64\debug\cudafft.tlog\cl.command.1.tlog
c:\users\tyler heers\documents\repos\cudafft\cudafft\x64\debug\cudafft.tlog\cl.read.1.tlog
c:\users\tyler heers\documents\repos\cudafft\cudafft\x64\debug\cudafft.tlog\cl.write.1.tlog
c:\users\tyler heers\documents\repos\cudafft\cudafft\x64\debug\cudafft.tlog\cudacompile.read.1u.tlog
c:\users\tyler heers\documents\repos\cudafft\cudafft\x64\debug\cudafft.tlog\cudacompile.write.1u.tlog
c:\users\tyler heers\documents\repos\cudafft\cudafft\x64\debug\cudafft.tlog\cudafft.write.1u.tlog
c:\users\tyler heers\documents\repos\cudafft\cudafft\x64\debug\cudafft.tlog\link.command.1.tlog
c:\users\tyler heers\documents\repos\cudafft\cudafft\x64\debug\cudafft.tlog\link.read.1.tlog
c:\users\tyler heers\documents\repos\cudafft\cudafft\x64\debug\cudafft.tlog\link.write.1.tlog
